<?xml version="1.0" encoding="UTF-8"?>
<!-- Generated by org.testng.reporters.JUnitReportReporter -->
<testsuite hostname="LAPTOP-A7S14MCN" failures="0" tests="1" name="vtiger.CreateCampaignWithCloseDateUsingTestNGTest" time="7.398" errors="0" timestamp="2024-10-04T23:05:55 IST" skipped="0">
  <testcase classname="vtiger.CreateCampaignWithCloseDateUsingTestNGTest" name="createCampaignTest" time="7.398"/>
  <system-out>
    <![CDATA[AdvSel_2667 created successfully]]>
  </system-out>
</testsuite> <!-- vtiger.CreateCampaignWithCloseDateUsingTestNGTest -->
