<?xml version="1.0" encoding="UTF-8"?>
<!-- Generated by org.testng.reporters.JUnitReportReporter -->
<testsuite hostname="LAPTOP-A7S14MCN" failures="0" tests="1" name="vtiger.WindowHandle" time="27.057" errors="0" timestamp="2024-10-18T15:47:05 IST" skipped="0">
  <testcase classname="vtiger.WindowHandle" name="addToCart" time="27.057"/>
  <system-out/>
</testsuite> <!-- vtiger.WindowHandle -->
